[2026-05-20T14:48:20.601Z] GET http://localhost:8080/index.html → 200 (6ms, 2145B)
[2026-05-20T14:48:20.613Z] GET http://localhost:8080/css/style.css → 200 (3ms, 4510B)
[2026-05-20T14:48:20.613Z] GET http://localhost:8080/js/main.js → 200 (4ms, 6214B)
[2026-05-20T14:48:20.627Z] GET https://unpkg.com/three@0.170.0/build/three.module.js → pending (?ms, ?B)
[2026-05-20T14:48:20.628Z] GET https://unpkg.com/three@0.170.0/examples/jsm/postprocessing/EffectComposer.js → pending (?ms, ?B)
[2026-05-20T14:48:20.628Z] GET https://unpkg.com/three@0.170.0/examples/jsm/postprocessing/RenderPass.js → 200 (180ms, 1941B)
[2026-05-20T14:48:20.628Z] GET https://unpkg.com/three@0.170.0/examples/jsm/postprocessing/UnrealBloomPass.js → 200 (180ms, 12410B)
[2026-05-20T14:48:20.628Z] GET https://unpkg.com/three@0.170.0/examples/jsm/postprocessing/OutputPass.js → 200 (186ms, 2524B)
[2026-05-20T14:48:20.628Z] GET http://localhost:8080/js/config.js → 200 (6ms, 1887B)
[2026-05-20T14:48:20.628Z] GET http://localhost:8080/js/input.js → 200 (6ms, 686B)
[2026-05-20T14:48:20.628Z] GET http://localhost:8080/js/audio.js → 200 (7ms, 12588B)
[2026-05-20T14:48:20.628Z] GET http://localhost:8080/js/particles.js → 200 (6ms, 4492B)
[2026-05-20T14:48:20.628Z] GET http://localhost:8080/js/arena.js → 200 (6ms, 5431B)
[2026-05-20T14:48:20.628Z] GET http://localhost:8080/js/player.js → 200 (7ms, 9558B)
[2026-05-20T14:48:20.628Z] GET http://localhost:8080/js/enemy.js → 200 (7ms, 11685B)
[2026-05-20T14:48:20.628Z] GET http://localhost:8080/js/weapons.js → 200 (7ms, 3525B)
[2026-05-20T14:48:20.628Z] GET http://localhost:8080/js/hud.js → 200 (7ms, 3332B)
[2026-05-20T14:48:20.635Z] GET https://unpkg.com/three@0.170.0/examples/jsm/controls/PointerLockControls.js → pending (?ms, ?B)
[2026-05-20T14:48:20.808Z] GET https://unpkg.com/three@0.170.0/examples/jsm/postprocessing/Pass.js → pending (?ms, ?B)
[2026-05-20T14:48:20.808Z] GET https://unpkg.com/three@0.170.0/examples/jsm/shaders/CopyShader.js → pending (?ms, ?B)
[2026-05-20T14:48:20.808Z] GET https://unpkg.com/three@0.170.0/examples/jsm/shaders/LuminosityHighPassShader.js → pending (?ms, ?B)
[2026-05-20T14:48:20.814Z] GET https://unpkg.com/three@0.170.0/examples/jsm/shaders/OutputShader.js → pending (?ms, ?B)
[2026-05-20T14:48:20.959Z] GET https://unpkg.com/three@0.170.0/examples/jsm/postprocessing/ShaderPass.js → 200 (58ms, 1576B)
[2026-05-20T14:48:20.959Z] GET https://unpkg.com/three@0.170.0/examples/jsm/postprocessing/MaskPass.js → 200 (58ms, 2231B)
[2026-05-20T14:49:57.998Z] GET http://localhost:8080/index.html → 200 (1ms, 104933B)
[2026-05-20T14:49:58.002Z] GET https://fonts.googleapis.com/css2?family=Inter:wght@400;500;600;700&family=JetBrains+Mono:wght@400;500&display=swap → 200 (235ms, 15070B)
[2026-05-20T14:49:58.002Z] GET http://localhost:8080/js/sql-wasm.js → 200 (3ms, 49857B)
[2026-05-20T14:49:58.250Z] GET https://fonts.gstatic.com/s/inter/v20/UcC73FwrK3iLTeHuS_nVMrMxCp50SjIa1ZL7W0Q5nw.woff2 → 200 (167ms, 48432B)
[2026-05-20T14:49:58.259Z] GET http://localhost:8080/js/sql-wasm.wasm → 200 (2ms, 655300B)
[2026-05-20T14:49:58.297Z] GET https://fonts.gstatic.com/s/jetbrainsmono/v24/tDbv2o-flEEny0FZhsfKu5WU4zr3E_BX0PnT8RD8yKwBNntkaToggR7BYRbKPxDcwgknk-4.woff2 → 200 (137ms, 31340B)
